Handling lib "arduino-compat"...
Handling lib "arduino-spi"...
Handling lib "arduino-wire"...
Handling lib "core"...
arduino-compat: Does not exist, cloning from "https://github.com/mongoose-os-libs/arduino-compat"...
arduino-wire: Does not exist, cloning from "https://github.com/mongoose-os-libs/arduino-wire"...
arduino-spi: Does not exist, cloning from "https://github.com/mongoose-os-libs/arduino-spi"...
core: Does not exist, cloning from "https://github.com/mongoose-os-libs/core"...
core: Checking out 2.18.0...
core: Done, hash c7359ef09e0f75bd693d88672ba9665b84d0e46a
core: Hash is updated:  -> c7359ef09e0f75bd693d88672ba9665b84d0e46a
core: Prepared local dir: "/data/fwbuild-volumes/2.18.0/apps/Adafruit_MCP4725/esp32/build_contexts/build_ctx_606505461/deps/core"
arduino-wire: Checking out 2.18.0...
arduino-wire: Done, hash 122eee437a97f6df0292080c17440243c99102e2
arduino-wire: Hash is updated:  -> 122eee437a97f6df0292080c17440243c99102e2
arduino-wire: Prepared local dir: "/data/fwbuild-volumes/2.18.0/apps/Adafruit_MCP4725/esp32/build_contexts/build_ctx_606505461/deps/arduino-wire"
arduino-compat: Checking out 2.18.0...
arduino-compat: Done, hash 95fd996501b533937521d2257e15add76364f798
arduino-compat: Hash is updated:  -> 95fd996501b533937521d2257e15add76364f798
arduino-compat: Prepared local dir: "/data/fwbuild-volumes/2.18.0/apps/Adafruit_MCP4725/esp32/build_contexts/build_ctx_606505461/deps/arduino-compat"
arduino-spi: Checking out 2.18.0...
arduino-spi: Done, hash 47875a1df0d359324575b4473b39a4f72c4d7ee6
arduino-spi: Hash is updated:  -> 47875a1df0d359324575b4473b39a4f72c4d7ee6
arduino-spi: Prepared local dir: "/data/fwbuild-volumes/2.18.0/apps/Adafruit_MCP4725/esp32/build_contexts/build_ctx_606505461/deps/arduino-spi"
Handling lib "mongoose"...
mongoose: Does not exist, cloning from "https://github.com/mongoose-os-libs/mongoose"...
mongoose: Checking out 2.18.0...
mongoose: Done, hash 135dae3e5280c09e6416a3797effb507b93eef1d
mongoose: Hash is updated:  -> 135dae3e5280c09e6416a3797effb507b93eef1d
mongoose: Prepared local dir: "/data/fwbuild-volumes/2.18.0/apps/Adafruit_MCP4725/esp32/build_contexts/build_ctx_606505461/deps/mongoose"
Handling lib "i2c"...
i2c: Does not exist, cloning from "https://github.com/mongoose-os-libs/i2c"...
i2c: Checking out 2.18.0...
i2c: Done, hash a411757db65da6890a30028244c8fc932d45f6f2
i2c: Hash is updated:  -> a411757db65da6890a30028244c8fc932d45f6f2
i2c: Prepared local dir: "/data/fwbuild-volumes/2.18.0/apps/Adafruit_MCP4725/esp32/build_contexts/build_ctx_606505461/deps/i2c"
Handling lib "spi"...
spi: Does not exist, cloning from "https://github.com/mongoose-os-libs/spi"...
spi: Checking out 2.18.0...
spi: Done, hash bef6469b5f6f860cc18d4c9a77a590b5ff39924f
spi: Hash is updated:  -> bef6469b5f6f860cc18d4c9a77a590b5ff39924f
spi: Prepared local dir: "/data/fwbuild-volumes/2.18.0/apps/Adafruit_MCP4725/esp32/build_contexts/build_ctx_606505461/deps/spi"
Handling lib "vfs-common"...
Handling lib "mbedtls"...
vfs-common: Does not exist, cloning from "https://github.com/mongoose-os-libs/vfs-common"...
mbedtls: Does not exist, cloning from "https://github.com/mongoose-os-libs/mbedtls"...
vfs-common: Checking out 2.18.0...
vfs-common: Done, hash 385648d692685da59be1800d777839050403f39a
vfs-common: Hash is updated:  -> 385648d692685da59be1800d777839050403f39a
vfs-common: Prepared local dir: "/data/fwbuild-volumes/2.18.0/apps/Adafruit_MCP4725/esp32/build_contexts/build_ctx_606505461/deps/vfs-common"
mbedtls: Checking out 2.18.0...
mbedtls: Done, hash 9ee056272d354d144e714791c4ba9a67c1ff8763
mbedtls: Hash is updated:  -> 9ee056272d354d144e714791c4ba9a67c1ff8763
mbedtls: Prepared local dir: "/data/fwbuild-volumes/2.18.0/apps/Adafruit_MCP4725/esp32/build_contexts/build_ctx_606505461/deps/mbedtls"
Handling lib "atca"...
atca: Does not exist, cloning from "https://github.com/mongoose-os-libs/atca"...
atca: Checking out 2.18.0...
atca: Done, hash 4ed29060b9d0be153189af5dc196bd8458451362
atca: Hash is updated:  -> 4ed29060b9d0be153189af5dc196bd8458451362
atca: Prepared local dir: "/data/fwbuild-volumes/2.18.0/apps/Adafruit_MCP4725/esp32/build_contexts/build_ctx_606505461/deps/atca"
Handling lib "freertos"...
Handling lib "vfs-fs-lfs"...
Handling lib "vfs-fs-spiffs"...
freertos: Does not exist, cloning from "https://github.com/mongoose-os-libs/freertos"...
vfs-fs-lfs: Does not exist, cloning from "https://github.com/mongoose-os-libs/vfs-fs-lfs"...
vfs-fs-spiffs: Does not exist, cloning from "https://github.com/mongoose-os-libs/vfs-fs-spiffs"...
vfs-fs-spiffs: Checking out 2.18.0...
vfs-fs-spiffs: Done, hash 68c0482c3e42db3f1172d0e43a2f24de0314cbee
vfs-fs-spiffs: Hash is updated:  -> 68c0482c3e42db3f1172d0e43a2f24de0314cbee
vfs-fs-spiffs: Prepared local dir: "/data/fwbuild-volumes/2.18.0/apps/Adafruit_MCP4725/esp32/build_contexts/build_ctx_606505461/deps/vfs-fs-spiffs"
freertos: Checking out 2.18.0...
freertos: Done, hash bee6008ac1be64cf7fa099ff523aa8f7d18744d9
freertos: Hash is updated:  -> bee6008ac1be64cf7fa099ff523aa8f7d18744d9
freertos: Prepared local dir: "/data/fwbuild-volumes/2.18.0/apps/Adafruit_MCP4725/esp32/build_contexts/build_ctx_606505461/deps/freertos"
vfs-fs-lfs: Checking out 2.18.0...
vfs-fs-lfs: Done, hash 736da1eac473715f397982d3a8141c2f1865a71a
vfs-fs-lfs: Hash is updated:  -> 736da1eac473715f397982d3a8141c2f1865a71a
vfs-fs-lfs: Prepared local dir: "/data/fwbuild-volumes/2.18.0/apps/Adafruit_MCP4725/esp32/build_contexts/build_ctx_606505461/deps/vfs-fs-lfs"
The flag --repo is not given, going to use mongoose-os repository
mongoose-os: Does not exist, cloning from "https://github.com/cesanta/mongoose-os"...
mongoose-os: Checking out 2.18.0...
mongoose-os: Done, hash 24c520dc82b5c602e33f34d8e309f13ab4a13652
Sources: [/data/fwbuild-volumes/2.18.0/apps/Adafruit_MCP4725/esp32/build_contexts/build_ctx_606505461/src/mgos_MCP4725_c.c /data/fwbuild-volumes/2.18.0/apps/Adafruit_MCP4725/esp32/build_contexts/build_ctx_606505461/src/MCP4725.cpp /data/fwbuild-volumes/2.18.0/apps/Adafruit_MCP4725/esp32/build_contexts/build_ctx_606505461/src/mgos_MCP4725.cpp]
Include dirs: [/data/fwbuild-volumes/2.18.0/apps/Adafruit_MCP4725/esp32/build_contexts/build_ctx_606505461/deps/freertos/include /data/fwbuild-volumes/2.18.0/apps/Adafruit_MCP4725/esp32/build_contexts/build_ctx_606505461/deps/freertos/include/esp32 /data/fwbuild-volumes/2.18.0/apps/Adafruit_MCP4725/esp32/build_contexts/build_ctx_606505461/deps/i2c/include /data/fwbuild-volumes/2.18.0/apps/Adafruit_MCP4725/esp32/build_contexts/build_ctx_606505461/deps/atca/include /data/fwbuild-volumes/2.18.0/apps/Adafruit_MCP4725/esp32/build_contexts/build_ctx_606505461/deps/atca/cryptoauthlib/lib /data/fwbuild-volumes/2.18.0/apps/Adafruit_MCP4725/esp32/build_contexts/build_ctx_606505461/deps/atca/cryptoauthlib/lib/crypto /data/fwbuild-volumes/2.18.0/apps/Adafruit_MCP4725/esp32/build_contexts/build_ctx_606505461/deps/atca/cryptoauthlib/lib/hal /data/fwbuild-volumes/2.18.0/apps/Adafruit_MCP4725/esp32/build_contexts/build_ctx_606505461/deps/mbedtls/include /data/fwbuild-volumes/2.18.0/apps/Adafruit_MCP4725/esp32/build_contexts/build_ctx_606505461/deps/mbedtls/include/esp32 /data/fwbuild-volumes/2.18.0/apps/Adafruit_MCP4725/esp32/build_contexts/build_ctx_606505461/deps/mbedtls/mbedtls/include /data/fwbuild-volumes/2.18.0/apps/Adafruit_MCP4725/esp32/build_contexts/build_ctx_606505461/deps/vfs-common/include /data/fwbuild-volumes/2.18.0/apps/Adafruit_MCP4725/esp32/build_contexts/build_ctx_606505461/deps/vfs-common/include/esp32 /data/fwbuild-volumes/2.18.0/apps/Adafruit_MCP4725/esp32/build_contexts/build_ctx_606505461/deps/mongoose/include /data/fwbuild-volumes/2.18.0/apps/Adafruit_MCP4725/esp32/build_contexts/build_ctx_606505461/deps/vfs-fs-lfs/include /data/fwbuild-volumes/2.18.0/apps/Adafruit_MCP4725/esp32/build_contexts/build_ctx_606505461/deps/vfs-fs-lfs/littlefs /data/fwbuild-volumes/2.18.0/apps/Adafruit_MCP4725/esp32/build_contexts/build_ctx_606505461/deps/vfs-fs-lfs/littlefs1 /data/fwbuild-volumes/2.18.0/apps/Adafruit_MCP4725/esp32/build_contexts/build_ctx_606505461/deps/vfs-fs-spiffs/include /data/fwbuild-volumes/2.18.0/apps/Adafruit_MCP4725/esp32/build_contexts/build_ctx_606505461/deps/vfs-fs-spiffs/include/spiffs /data/fwbuild-volumes/2.18.0/apps/Adafruit_MCP4725/esp32/build_contexts/build_ctx_606505461/deps/vfs-fs-spiffs/include/esp32 /data/fwbuild-volumes/2.18.0/apps/Adafruit_MCP4725/esp32/build_contexts/build_ctx_606505461/deps/core/include /data/fwbuild-volumes/2.18.0/apps/Adafruit_MCP4725/esp32/build_contexts/build_ctx_606505461/deps/core/include/esp32 /data/fwbuild-volumes/2.18.0/apps/Adafruit_MCP4725/esp32/build_contexts/build_ctx_606505461/deps/arduino-compat/include /data/fwbuild-volumes/2.18.0/apps/Adafruit_MCP4725/esp32/build_contexts/build_ctx_606505461/deps/arduino-compat/include/sys /data/fwbuild-volumes/2.18.0/apps/Adafruit_MCP4725/esp32/build_contexts/build_ctx_606505461/deps/spi/include /data/fwbuild-volumes/2.18.0/apps/Adafruit_MCP4725/esp32/build_contexts/build_ctx_606505461/deps/arduino-spi/include /data/fwbuild-volumes/2.18.0/apps/Adafruit_MCP4725/esp32/build_contexts/build_ctx_606505461/deps/arduino-wire/include]
Binary libs: []
Building...
mount from "/data/fwbuild-volumes/2.18.0/apps/Adafruit_MCP4725/esp32/build_contexts/build_ctx_606505461" to "/app"
mount from "/data/fwbuild-volumes/2.18.0/apps/Adafruit_MCP4725/esp32/build_contexts/build_ctx_606505461/deps/modules/mongoose-os" to "/mongoose-os"
mount from "/data/fwbuild-volumes/2.18.0/apps/Adafruit_MCP4725/esp32/build_contexts/build_ctx_606505461/deps/modules/mongoose-os" to "/data/fwbuild-volumes/2.18.0/apps/Adafruit_MCP4725/esp32/build_contexts/build_ctx_606505461/deps/modules/mongoose-os"
mount from "/data/fwbuild-volumes/2.18.0/apps/Adafruit_MCP4725/esp32/build_contexts/build_ctx_606505461/build" to "/data/fwbuild-volumes/2.18.0/apps/Adafruit_MCP4725/esp32/build_contexts/build_ctx_606505461/build"
mount from "/data/fwbuild-volumes/2.18.0/apps/Adafruit_MCP4725/esp32/build_contexts/build_ctx_606505461/src" to "/data/fwbuild-volumes/2.18.0/apps/Adafruit_MCP4725/esp32/build_contexts/build_ctx_606505461/src"
mount from "/data/fwbuild-volumes/2.18.0/apps/Adafruit_MCP4725/esp32/build_contexts/build_ctx_606505461/deps/freertos/include" to "/data/fwbuild-volumes/2.18.0/apps/Adafruit_MCP4725/esp32/build_contexts/build_ctx_606505461/deps/freertos/include"
mount from "/data/fwbuild-volumes/2.18.0/apps/Adafruit_MCP4725/esp32/build_contexts/build_ctx_606505461/deps/i2c/include" to "/data/fwbuild-volumes/2.18.0/apps/Adafruit_MCP4725/esp32/build_contexts/build_ctx_606505461/deps/i2c/include"
mount from "/data/fwbuild-volumes/2.18.0/apps/Adafruit_MCP4725/esp32/build_contexts/build_ctx_606505461/deps/atca/include" to "/data/fwbuild-volumes/2.18.0/apps/Adafruit_MCP4725/esp32/build_contexts/build_ctx_606505461/deps/atca/include"
mount from "/data/fwbuild-volumes/2.18.0/apps/Adafruit_MCP4725/esp32/build_contexts/build_ctx_606505461/deps/atca/cryptoauthlib/lib" to "/data/fwbuild-volumes/2.18.0/apps/Adafruit_MCP4725/esp32/build_contexts/build_ctx_606505461/deps/atca/cryptoauthlib/lib"
mount from "/data/fwbuild-volumes/2.18.0/apps/Adafruit_MCP4725/esp32/build_contexts/build_ctx_606505461/deps/atca/cryptoauthlib/lib/crypto" to "/data/fwbuild-volumes/2.18.0/apps/Adafruit_MCP4725/esp32/build_contexts/build_ctx_606505461/deps/atca/cryptoauthlib/lib/crypto"
mount from "/data/fwbuild-volumes/2.18.0/apps/Adafruit_MCP4725/esp32/build_contexts/build_ctx_606505461/deps/atca/cryptoauthlib/lib/hal" to "/data/fwbuild-volumes/2.18.0/apps/Adafruit_MCP4725/esp32/build_contexts/build_ctx_606505461/deps/atca/cryptoauthlib/lib/hal"
mount from "/data/fwbuild-volumes/2.18.0/apps/Adafruit_MCP4725/esp32/build_contexts/build_ctx_606505461/deps/mbedtls/include" to "/data/fwbuild-volumes/2.18.0/apps/Adafruit_MCP4725/esp32/build_contexts/build_ctx_606505461/deps/mbedtls/include"
mount from "/data/fwbuild-volumes/2.18.0/apps/Adafruit_MCP4725/esp32/build_contexts/build_ctx_606505461/deps/mbedtls/include/esp32" to "/data/fwbuild-volumes/2.18.0/apps/Adafruit_MCP4725/esp32/build_contexts/build_ctx_606505461/deps/mbedtls/include/esp32"
mount from "/data/fwbuild-volumes/2.18.0/apps/Adafruit_MCP4725/esp32/build_contexts/build_ctx_606505461/deps/mbedtls/mbedtls/include" to "/data/fwbuild-volumes/2.18.0/apps/Adafruit_MCP4725/esp32/build_contexts/build_ctx_606505461/deps/mbedtls/mbedtls/include"
mount from "/data/fwbuild-volumes/2.18.0/apps/Adafruit_MCP4725/esp32/build_contexts/build_ctx_606505461/deps/vfs-common/include" to "/data/fwbuild-volumes/2.18.0/apps/Adafruit_MCP4725/esp32/build_contexts/build_ctx_606505461/deps/vfs-common/include"
mount from "/data/fwbuild-volumes/2.18.0/apps/Adafruit_MCP4725/esp32/build_contexts/build_ctx_606505461/deps/vfs-common/include/esp32" to "/data/fwbuild-volumes/2.18.0/apps/Adafruit_MCP4725/esp32/build_contexts/build_ctx_606505461/deps/vfs-common/include/esp32"
mount from "/data/fwbuild-volumes/2.18.0/apps/Adafruit_MCP4725/esp32/build_contexts/build_ctx_606505461/deps/mongoose/include" to "/data/fwbuild-volumes/2.18.0/apps/Adafruit_MCP4725/esp32/build_contexts/build_ctx_606505461/deps/mongoose/include"
mount from "/data/fwbuild-volumes/2.18.0/apps/Adafruit_MCP4725/esp32/build_contexts/build_ctx_606505461/deps/vfs-fs-lfs/include" to "/data/fwbuild-volumes/2.18.0/apps/Adafruit_MCP4725/esp32/build_contexts/build_ctx_606505461/deps/vfs-fs-lfs/include"
mount from "/data/fwbuild-volumes/2.18.0/apps/Adafruit_MCP4725/esp32/build_contexts/build_ctx_606505461/deps/vfs-fs-lfs/littlefs" to "/data/fwbuild-volumes/2.18.0/apps/Adafruit_MCP4725/esp32/build_contexts/build_ctx_606505461/deps/vfs-fs-lfs/littlefs"
mount from "/data/fwbuild-volumes/2.18.0/apps/Adafruit_MCP4725/esp32/build_contexts/build_ctx_606505461/deps/vfs-fs-lfs/littlefs1" to "/data/fwbuild-volumes/2.18.0/apps/Adafruit_MCP4725/esp32/build_contexts/build_ctx_606505461/deps/vfs-fs-lfs/littlefs1"
mount from "/data/fwbuild-volumes/2.18.0/apps/Adafruit_MCP4725/esp32/build_contexts/build_ctx_606505461/deps/vfs-fs-spiffs/include" to "/data/fwbuild-volumes/2.18.0/apps/Adafruit_MCP4725/esp32/build_contexts/build_ctx_606505461/deps/vfs-fs-spiffs/include"
mount from "/data/fwbuild-volumes/2.18.0/apps/Adafruit_MCP4725/esp32/build_contexts/build_ctx_606505461/deps/vfs-fs-spiffs/include/spiffs" to "/data/fwbuild-volumes/2.18.0/apps/Adafruit_MCP4725/esp32/build_contexts/build_ctx_606505461/deps/vfs-fs-spiffs/include/spiffs"
mount from "/data/fwbuild-volumes/2.18.0/apps/Adafruit_MCP4725/esp32/build_contexts/build_ctx_606505461/deps/vfs-fs-spiffs/include/esp32" to "/data/fwbuild-volumes/2.18.0/apps/Adafruit_MCP4725/esp32/build_contexts/build_ctx_606505461/deps/vfs-fs-spiffs/include/esp32"
mount from "/data/fwbuild-volumes/2.18.0/apps/Adafruit_MCP4725/esp32/build_contexts/build_ctx_606505461/deps/core/include" to "/data/fwbuild-volumes/2.18.0/apps/Adafruit_MCP4725/esp32/build_contexts/build_ctx_606505461/deps/core/include"
mount from "/data/fwbuild-volumes/2.18.0/apps/Adafruit_MCP4725/esp32/build_contexts/build_ctx_606505461/deps/arduino-compat/include" to "/data/fwbuild-volumes/2.18.0/apps/Adafruit_MCP4725/esp32/build_contexts/build_ctx_606505461/deps/arduino-compat/include"
mount from "/data/fwbuild-volumes/2.18.0/apps/Adafruit_MCP4725/esp32/build_contexts/build_ctx_606505461/deps/arduino-compat/include/sys" to "/data/fwbuild-volumes/2.18.0/apps/Adafruit_MCP4725/esp32/build_contexts/build_ctx_606505461/deps/arduino-compat/include/sys"
mount from "/data/fwbuild-volumes/2.18.0/apps/Adafruit_MCP4725/esp32/build_contexts/build_ctx_606505461/deps/spi/include" to "/data/fwbuild-volumes/2.18.0/apps/Adafruit_MCP4725/esp32/build_contexts/build_ctx_606505461/deps/spi/include"
mount from "/data/fwbuild-volumes/2.18.0/apps/Adafruit_MCP4725/esp32/build_contexts/build_ctx_606505461/deps/arduino-spi/include" to "/data/fwbuild-volumes/2.18.0/apps/Adafruit_MCP4725/esp32/build_contexts/build_ctx_606505461/deps/arduino-spi/include"
mount from "/data/fwbuild-volumes/2.18.0/apps/Adafruit_MCP4725/esp32/build_contexts/build_ctx_606505461/deps/arduino-wire/include" to "/data/fwbuild-volumes/2.18.0/apps/Adafruit_MCP4725/esp32/build_contexts/build_ctx_606505461/deps/arduino-wire/include"
mount from "/data/fwbuild-volumes/2.18.0/apps/Adafruit_MCP4725/esp32/build_contexts/build_ctx_606505461/build/gen" to "/data/fwbuild-volumes/2.18.0/apps/Adafruit_MCP4725/esp32/build_contexts/build_ctx_606505461/build/gen"
Docker arguments: run --name mos_build_2020-09-08T01-14-13-00_6300434374629542077 --rm -i -v /data/fwbuild-volumes/2.18.0/apps/Adafruit_MCP4725/esp32/build_contexts/build_ctx_606505461/deps/vfs-fs-lfs/include:/data/fwbuild-volumes/2.18.0/apps/Adafruit_MCP4725/esp32/build_contexts/build_ctx_606505461/deps/vfs-fs-lfs/include -v /data/fwbuild-volumes/2.18.0/apps/Adafruit_MCP4725/esp32/build_contexts/build_ctx_606505461/deps/vfs-fs-spiffs/include:/data/fwbuild-volumes/2.18.0/apps/Adafruit_MCP4725/esp32/build_contexts/build_ctx_606505461/deps/vfs-fs-spiffs/include -v /data/fwbuild-volumes/2.18.0/apps/Adafruit_MCP4725/esp32/build_contexts/build_ctx_606505461/deps/arduino-compat/include/sys:/data/fwbuild-volumes/2.18.0/apps/Adafruit_MCP4725/esp32/build_contexts/build_ctx_606505461/deps/arduino-compat/include/sys -v /data/fwbuild-volumes/2.18.0/apps/Adafruit_MCP4725/esp32/build_contexts/build_ctx_606505461/deps/modules/mongoose-os:/mongoose-os -v /data/fwbuild-volumes/2.18.0/apps/Adafruit_MCP4725/esp32/build_contexts/build_ctx_606505461/deps/i2c/include:/data/fwbuild-volumes/2.18.0/apps/Adafruit_MCP4725/esp32/build_contexts/build_ctx_606505461/deps/i2c/include -v /data/fwbuild-volumes/2.18.0/apps/Adafruit_MCP4725/esp32/build_contexts/build_ctx_606505461/build:/data/fwbuild-volumes/2.18.0/apps/Adafruit_MCP4725/esp32/build_contexts/build_ctx_606505461/build -v /data/fwbuild-volumes/2.18.0/apps/Adafruit_MCP4725/esp32/build_contexts/build_ctx_606505461/deps/freertos/include:/data/fwbuild-volumes/2.18.0/apps/Adafruit_MCP4725/esp32/build_contexts/build_ctx_606505461/deps/freertos/include -v /data/fwbuild-volumes/2.18.0/apps/Adafruit_MCP4725/esp32/build_contexts/build_ctx_606505461/deps/vfs-fs-lfs/littlefs:/data/fwbuild-volumes/2.18.0/apps/Adafruit_MCP4725/esp32/build_contexts/build_ctx_606505461/deps/vfs-fs-lfs/littlefs -v /data/fwbuild-volumes/2.18.0/apps/Adafruit_MCP4725/esp32/build_contexts/build_ctx_606505461/deps/vfs-fs-spiffs/include/spiffs:/data/fwbuild-volumes/2.18.0/apps/Adafruit_MCP4725/esp32/build_contexts/build_ctx_606505461/deps/vfs-fs-spiffs/include/spiffs -v /data/fwbuild-volumes/2.18.0/apps/Adafruit_MCP4725/esp32/build_contexts/build_ctx_606505461/deps/mbedtls/include/esp32:/data/fwbuild-volumes/2.18.0/apps/Adafruit_MCP4725/esp32/build_contexts/build_ctx_606505461/deps/mbedtls/include/esp32 -v /data/fwbuild-volumes/2.18.0/apps/Adafruit_MCP4725/esp32/build_contexts/build_ctx_606505461/deps/vfs-common/include:/data/fwbuild-volumes/2.18.0/apps/Adafruit_MCP4725/esp32/build_contexts/build_ctx_606505461/deps/vfs-common/include -v /data/fwbuild-volumes/2.18.0/apps/Adafruit_MCP4725/esp32/build_contexts/build_ctx_606505461/deps/arduino-compat/include:/data/fwbuild-volumes/2.18.0/apps/Adafruit_MCP4725/esp32/build_contexts/build_ctx_606505461/deps/arduino-compat/include -v /data/fwbuild-volumes/2.18.0/apps/Adafruit_MCP4725/esp32/build_contexts/build_ctx_606505461/deps/arduino-spi/include:/data/fwbuild-volumes/2.18.0/apps/Adafruit_MCP4725/esp32/build_contexts/build_ctx_606505461/deps/arduino-spi/include -v /data/fwbuild-volumes/2.18.0/apps/Adafruit_MCP4725/esp32/build_contexts/build_ctx_606505461/deps/atca/include:/data/fwbuild-volumes/2.18.0/apps/Adafruit_MCP4725/esp32/build_contexts/build_ctx_606505461/deps/atca/include -v /data/fwbuild-volumes/2.18.0/apps/Adafruit_MCP4725/esp32/build_contexts/build_ctx_606505461/deps/mbedtls/mbedtls/include:/data/fwbuild-volumes/2.18.0/apps/Adafruit_MCP4725/esp32/build_contexts/build_ctx_606505461/deps/mbedtls/mbedtls/include -v /data/fwbuild-volumes/2.18.0/apps/Adafruit_MCP4725/esp32/build_contexts/build_ctx_606505461/deps/vfs-common/include/esp32:/data/fwbuild-volumes/2.18.0/apps/Adafruit_MCP4725/esp32/build_contexts/build_ctx_606505461/deps/vfs-common/include/esp32 -v /data/fwbuild-volumes/2.18.0/apps/Adafruit_MCP4725/esp32/build_contexts/build_ctx_606505461/deps/mongoose/include:/data/fwbuild-volumes/2.18.0/apps/Adafruit_MCP4725/esp32/build_contexts/build_ctx_606505461/deps/mongoose/include -v /data/fwbuild-volumes/2.18.0/apps/Adafruit_MCP4725/esp32/build_contexts/build_ctx_606505461/deps/modules/mongoose-os:/data/fwbuild-volumes/2.18.0/apps/Adafruit_MCP4725/esp32/build_contexts/build_ctx_606505461/deps/modules/mongoose-os -v /data/fwbuild-volumes/2.18.0/apps/Adafruit_MCP4725/esp32/build_contexts/build_ctx_606505461/deps/atca/cryptoauthlib/lib/hal:/data/fwbuild-volumes/2.18.0/apps/Adafruit_MCP4725/esp32/build_contexts/build_ctx_606505461/deps/atca/cryptoauthlib/lib/hal -v /data/fwbuild-volumes/2.18.0/apps/Adafruit_MCP4725/esp32/build_contexts/build_ctx_606505461/deps/arduino-wire/include:/data/fwbuild-volumes/2.18.0/apps/Adafruit_MCP4725/esp32/build_contexts/build_ctx_606505461/deps/arduino-wire/include -v /data/fwbuild-volumes/2.18.0/apps/Adafruit_MCP4725/esp32/build_contexts/build_ctx_606505461/deps/atca/cryptoauthlib/lib/crypto:/data/fwbuild-volumes/2.18.0/apps/Adafruit_MCP4725/esp32/build_contexts/build_ctx_606505461/deps/atca/cryptoauthlib/lib/crypto -v /data/fwbuild-volumes/2.18.0/apps/Adafruit_MCP4725/esp32/build_contexts/build_ctx_606505461/deps/vfs-fs-spiffs/include/esp32:/data/fwbuild-volumes/2.18.0/apps/Adafruit_MCP4725/esp32/build_contexts/build_ctx_606505461/deps/vfs-fs-spiffs/include/esp32 -v /data/fwbuild-volumes/2.18.0/apps/Adafruit_MCP4725/esp32/build_contexts/build_ctx_606505461/deps/atca/cryptoauthlib/lib:/data/fwbuild-volumes/2.18.0/apps/Adafruit_MCP4725/esp32/build_contexts/build_ctx_606505461/deps/atca/cryptoauthlib/lib -v /data/fwbuild-volumes/2.18.0/apps/Adafruit_MCP4725/esp32/build_contexts/build_ctx_606505461/deps/mbedtls/include:/data/fwbuild-volumes/2.18.0/apps/Adafruit_MCP4725/esp32/build_contexts/build_ctx_606505461/deps/mbedtls/include -v /data/fwbuild-volumes/2.18.0/apps/Adafruit_MCP4725/esp32/build_contexts/build_ctx_606505461/deps/vfs-fs-lfs/littlefs1:/data/fwbuild-volumes/2.18.0/apps/Adafruit_MCP4725/esp32/build_contexts/build_ctx_606505461/deps/vfs-fs-lfs/littlefs1 -v /data/fwbuild-volumes/2.18.0/apps/Adafruit_MCP4725/esp32/build_contexts/build_ctx_606505461/deps/core/include:/data/fwbuild-volumes/2.18.0/apps/Adafruit_MCP4725/esp32/build_contexts/build_ctx_606505461/deps/core/include -v /data/fwbuild-volumes/2.18.0/apps/Adafruit_MCP4725/esp32/build_contexts/build_ctx_606505461/build/gen:/data/fwbuild-volumes/2.18.0/apps/Adafruit_MCP4725/esp32/build_contexts/build_ctx_606505461/build/gen -v /data/fwbuild-volumes/2.18.0/apps/Adafruit_MCP4725/esp32/build_contexts/build_ctx_606505461:/app -v /data/fwbuild-volumes/2.18.0/apps/Adafruit_MCP4725/esp32/build_contexts/build_ctx_606505461/src:/data/fwbuild-volumes/2.18.0/apps/Adafruit_MCP4725/esp32/build_contexts/build_ctx_606505461/src -v /data/fwbuild-volumes/2.18.0/apps/Adafruit_MCP4725/esp32/build_contexts/build_ctx_606505461/deps/spi/include:/data/fwbuild-volumes/2.18.0/apps/Adafruit_MCP4725/esp32/build_contexts/build_ctx_606505461/deps/spi/include --user 0:0 docker.io/mgos/esp32-build:3.3-r5 /bin/bash -c nice make '-j' '8' '-C' '/app' '-f' '/data/fwbuild-volumes/2.18.0/apps/Adafruit_MCP4725/esp32/build_contexts/build_ctx_606505461/deps/modules/mongoose-os/platforms/esp32/Makefile.build' '/data/fwbuild-volumes/2.18.0/apps/Adafruit_MCP4725/esp32/build_contexts/build_ctx_606505461/build/objs/moslib/libmoslib.a' 'MGOS_VARS_FILE=/data/fwbuild-volumes/2.18.0/apps/Adafruit_MCP4725/esp32/build_contexts/build_ctx_606505461/build/gen/vars.mk' 'MGOS_MAIN_COMPONENT=moslib'
make: Entering directory '/app'
/data/fwbuild-volumes/2.18.0/apps/Adafruit_MCP4725/esp32/build_contexts/build_ctx_606505461/deps/modules/mongoose-os/platforms/esp32/Makefile.build:179: warning: overriding recipe for target 'defconfig'
/opt/Espressif/esp-idf/make/project_config.mk:82: warning: ignoring old recipe for target 'defconfig'
/data/fwbuild-volumes/2.18.0/apps/Adafruit_MCP4725/esp32/build_contexts/build_ctx_606505461/deps/modules/mongoose-os/platforms/esp32/Makefile.build:179: warning: overriding recipe for target 'menuconfig'
/opt/Espressif/esp-idf/make/project_config.mk:69: warning: ignoring old recipe for target 'menuconfig'
/data/fwbuild-volumes/2.18.0/apps/Adafruit_MCP4725/esp32/build_contexts/build_ctx_606505461/deps/modules/mongoose-os/platforms/esp32/Makefile.build:220: warning: overriding recipe for target 'clean'
/opt/Espressif/esp-idf/components/app_update/Makefile.projbuild:48: warning: ignoring old recipe for target 'clean'
GENCONFIG
#
# configuration written to /data/fwbuild-volumes/2.18.0/apps/Adafruit_MCP4725/esp32/build_contexts/build_ctx_606505461/build/gen/sdkconfig
#
make[1]: Entering directory '/data/fwbuild-volumes/2.18.0/apps/Adafruit_MCP4725/esp32/build_contexts/build_ctx_606505461/build/objs/xtensa-debug-module'
make[1]: Entering directory '/data/fwbuild-volumes/2.18.0/apps/Adafruit_MCP4725/esp32/build_contexts/build_ctx_606505461/build/objs/spiffs'
make[1]: Entering directory '/data/fwbuild-volumes/2.18.0/apps/Adafruit_MCP4725/esp32/build_contexts/build_ctx_606505461/build/objs/vfs'
make[1]: Entering directory '/data/fwbuild-volumes/2.18.0/apps/Adafruit_MCP4725/esp32/build_contexts/build_ctx_606505461/build/objs/tcpip_adapter'
make[1]: Entering directory '/data/fwbuild-volumes/2.18.0/apps/Adafruit_MCP4725/esp32/build_contexts/build_ctx_606505461/build/objs/moslib'
make[1]: Entering directory '/data/fwbuild-volumes/2.18.0/apps/Adafruit_MCP4725/esp32/build_contexts/build_ctx_606505461/build/objs/smartconfig_ack'
make[1]: Entering directory '/data/fwbuild-volumes/2.18.0/apps/Adafruit_MCP4725/esp32/build_contexts/build_ctx_606505461/build/objs/spi_flash'
make[1]: Entering directory '/data/fwbuild-volumes/2.18.0/apps/Adafruit_MCP4725/esp32/build_contexts/build_ctx_606505461/build/objs/wpa_supplicant'
make[1]: Leaving directory '/data/fwbuild-volumes/2.18.0/apps/Adafruit_MCP4725/esp32/build_contexts/build_ctx_606505461/build/objs/xtensa-debug-module'
make[1]: Leaving directory '/data/fwbuild-volumes/2.18.0/apps/Adafruit_MCP4725/esp32/build_contexts/build_ctx_606505461/build/objs/vfs'
make[1]: Leaving directory '/data/fwbuild-volumes/2.18.0/apps/Adafruit_MCP4725/esp32/build_contexts/build_ctx_606505461/build/objs/smartconfig_ack'
make[1]: Leaving directory '/data/fwbuild-volumes/2.18.0/apps/Adafruit_MCP4725/esp32/build_contexts/build_ctx_606505461/build/objs/tcpip_adapter'
make[1]: Leaving directory '/data/fwbuild-volumes/2.18.0/apps/Adafruit_MCP4725/esp32/build_contexts/build_ctx_606505461/build/objs/spiffs'
make[1]: Leaving directory '/data/fwbuild-volumes/2.18.0/apps/Adafruit_MCP4725/esp32/build_contexts/build_ctx_606505461/build/objs/spi_flash'
make[1]: Entering directory '/data/fwbuild-volumes/2.18.0/apps/Adafruit_MCP4725/esp32/build_contexts/build_ctx_606505461/build/objs/pthread'
make[1]: Entering directory '/data/fwbuild-volumes/2.18.0/apps/Adafruit_MCP4725/esp32/build_contexts/build_ctx_606505461/build/objs/soc'
make[1]: Leaving directory '/data/fwbuild-volumes/2.18.0/apps/Adafruit_MCP4725/esp32/build_contexts/build_ctx_606505461/build/objs/wpa_supplicant'
make[1]: Entering directory '/data/fwbuild-volumes/2.18.0/apps/Adafruit_MCP4725/esp32/build_contexts/build_ctx_606505461/build/objs/partition_table'
make[1]: Leaving directory '/data/fwbuild-volumes/2.18.0/apps/Adafruit_MCP4725/esp32/build_contexts/build_ctx_606505461/build/objs/moslib'
make[1]: Leaving directory '/data/fwbuild-volumes/2.18.0/apps/Adafruit_MCP4725/esp32/build_contexts/build_ctx_606505461/build/objs/partition_table'
make[1]: Entering directory '/data/fwbuild-volumes/2.18.0/apps/Adafruit_MCP4725/esp32/build_contexts/build_ctx_606505461/build/objs/nvs_flash'
make[1]: Entering directory '/data/fwbuild-volumes/2.18.0/apps/Adafruit_MCP4725/esp32/build_contexts/build_ctx_606505461/build/objs/newlib'
make[1]: Entering directory '/data/fwbuild-volumes/2.18.0/apps/Adafruit_MCP4725/esp32/build_contexts/build_ctx_606505461/build/objs/micro-ecc'
make[1]: Entering directory '/data/fwbuild-volumes/2.18.0/apps/Adafruit_MCP4725/esp32/build_contexts/build_ctx_606505461/build/objs/log'
make[1]: Entering directory '/data/fwbuild-volumes/2.18.0/apps/Adafruit_MCP4725/esp32/build_contexts/build_ctx_606505461/build/objs/heap'
make[1]: Leaving directory '/data/fwbuild-volumes/2.18.0/apps/Adafruit_MCP4725/esp32/build_contexts/build_ctx_606505461/build/objs/pthread'
make[1]: Entering directory '/data/fwbuild-volumes/2.18.0/apps/Adafruit_MCP4725/esp32/build_contexts/build_ctx_606505461/build/objs/lwip'
make[1]: Leaving directory '/data/fwbuild-volumes/2.18.0/apps/Adafruit_MCP4725/esp32/build_contexts/build_ctx_606505461/build/objs/soc'
make[1]: Entering directory '/data/fwbuild-volumes/2.18.0/apps/Adafruit_MCP4725/esp32/build_contexts/build_ctx_606505461/build/objs/freertos'
make[1]: Leaving directory '/data/fwbuild-volumes/2.18.0/apps/Adafruit_MCP4725/esp32/build_contexts/build_ctx_606505461/build/objs/newlib'
make[1]: Leaving directory '/data/fwbuild-volumes/2.18.0/apps/Adafruit_MCP4725/esp32/build_contexts/build_ctx_606505461/build/objs/nvs_flash'
make[1]: Leaving directory '/data/fwbuild-volumes/2.18.0/apps/Adafruit_MCP4725/esp32/build_contexts/build_ctx_606505461/build/objs/micro-ecc'
make[1]: Entering directory '/data/fwbuild-volumes/2.18.0/apps/Adafruit_MCP4725/esp32/build_contexts/build_ctx_606505461/build/objs/expat'
make[1]: Entering directory '/data/fwbuild-volumes/2.18.0/apps/Adafruit_MCP4725/esp32/build_contexts/build_ctx_606505461/build/objs/ethernet'
make[1]: Entering directory '/data/fwbuild-volumes/2.18.0/apps/Adafruit_MCP4725/esp32/build_contexts/build_ctx_606505461/build/objs/esptool_py'
make[1]: Entering directory '/data/fwbuild-volumes/2.18.0/apps/Adafruit_MCP4725/esp32/build_contexts/build_ctx_606505461/build/objs/esp_ringbuf'
make[1]: Leaving directory '/data/fwbuild-volumes/2.18.0/apps/Adafruit_MCP4725/esp32/build_contexts/build_ctx_606505461/build/objs/esptool_py'
make[1]: Leaving directory '/data/fwbuild-volumes/2.18.0/apps/Adafruit_MCP4725/esp32/build_contexts/build_ctx_606505461/build/objs/heap'
make[1]: Leaving directory '/data/fwbuild-volumes/2.18.0/apps/Adafruit_MCP4725/esp32/build_contexts/build_ctx_606505461/build/objs/lwip'
make[1]: Leaving directory '/data/fwbuild-volumes/2.18.0/apps/Adafruit_MCP4725/esp32/build_contexts/build_ctx_606505461/build/objs/log'
make[1]: Leaving directory '/data/fwbuild-volumes/2.18.0/apps/Adafruit_MCP4725/esp32/build_contexts/build_ctx_606505461/build/objs/freertos'
make[1]: Entering directory '/data/fwbuild-volumes/2.18.0/apps/Adafruit_MCP4725/esp32/build_contexts/build_ctx_606505461/build/objs/esp_adc_cal'
make[1]: Entering directory '/data/fwbuild-volumes/2.18.0/apps/Adafruit_MCP4725/esp32/build_contexts/build_ctx_606505461/build/objs/esp_event'
make[1]: Entering directory '/data/fwbuild-volumes/2.18.0/apps/Adafruit_MCP4725/esp32/build_contexts/build_ctx_606505461/build/objs/espcoredump'
make[1]: Entering directory '/data/fwbuild-volumes/2.18.0/apps/Adafruit_MCP4725/esp32/build_contexts/build_ctx_606505461/build/objs/esp32'
make[1]: Leaving directory '/data/fwbuild-volumes/2.18.0/apps/Adafruit_MCP4725/esp32/build_contexts/build_ctx_606505461/build/objs/expat'
make[1]: Entering directory '/data/fwbuild-volumes/2.18.0/apps/Adafruit_MCP4725/esp32/build_contexts/build_ctx_606505461/build/objs/efuse'
make[1]: Leaving directory '/data/fwbuild-volumes/2.18.0/apps/Adafruit_MCP4725/esp32/build_contexts/build_ctx_606505461/build/objs/ethernet'
make[1]: Leaving directory '/data/fwbuild-volumes/2.18.0/apps/Adafruit_MCP4725/esp32/build_contexts/build_ctx_606505461/build/objs/esp_ringbuf'
make[1]: Entering directory '/data/fwbuild-volumes/2.18.0/apps/Adafruit_MCP4725/esp32/build_contexts/build_ctx_606505461/build/objs/driver'
make[1]: Entering directory '/data/fwbuild-volumes/2.18.0/apps/Adafruit_MCP4725/esp32/build_contexts/build_ctx_606505461/build/objs/cxx'
make[1]: Entering directory '/data/fwbuild-volumes/2.18.0/apps/Adafruit_MCP4725/esp32/build_contexts/build_ctx_606505461/build/objs/bootloader_support'
make[1]: Leaving directory '/data/fwbuild-volumes/2.18.0/apps/Adafruit_MCP4725/esp32/build_contexts/build_ctx_606505461/build/objs/espcoredump'
make[1]: Leaving directory '/data/fwbuild-volumes/2.18.0/apps/Adafruit_MCP4725/esp32/build_contexts/build_ctx_606505461/build/objs/esp32'
make[1]: Leaving directory '/data/fwbuild-volumes/2.18.0/apps/Adafruit_MCP4725/esp32/build_contexts/build_ctx_606505461/build/objs/esp_event'
make[1]: Leaving directory '/data/fwbuild-volumes/2.18.0/apps/Adafruit_MCP4725/esp32/build_contexts/build_ctx_606505461/build/objs/efuse'
make[1]: Leaving directory '/data/fwbuild-volumes/2.18.0/apps/Adafruit_MCP4725/esp32/build_contexts/build_ctx_606505461/build/objs/esp_adc_cal'
make[1]: Entering directory '/data/fwbuild-volumes/2.18.0/apps/Adafruit_MCP4725/esp32/build_contexts/build_ctx_606505461/build/objs/app_update'
make[1]: Entering directory '/data/fwbuild-volumes/2.18.0/apps/Adafruit_MCP4725/esp32/build_contexts/build_ctx_606505461/build/objs/bootloader'
make[1]: Leaving directory '/data/fwbuild-volumes/2.18.0/apps/Adafruit_MCP4725/esp32/build_contexts/build_ctx_606505461/build/objs/bootloader'
make[1]: Entering directory '/data/fwbuild-volumes/2.18.0/apps/Adafruit_MCP4725/esp32/build_contexts/build_ctx_606505461/build/objs/app_trace'
make[1]: Leaving directory '/data/fwbuild-volumes/2.18.0/apps/Adafruit_MCP4725/esp32/build_contexts/build_ctx_606505461/build/objs/bootloader_support'
make[1]: Leaving directory '/data/fwbuild-volumes/2.18.0/apps/Adafruit_MCP4725/esp32/build_contexts/build_ctx_606505461/build/objs/driver'
make[1]: Leaving directory '/data/fwbuild-volumes/2.18.0/apps/Adafruit_MCP4725/esp32/build_contexts/build_ctx_606505461/build/objs/cxx'
make[1]: Leaving directory '/data/fwbuild-volumes/2.18.0/apps/Adafruit_MCP4725/esp32/build_contexts/build_ctx_606505461/build/objs/app_trace'
App "Adafruit_MCP4725" version: 2.18.0
make[1]: Leaving directory '/data/fwbuild-volumes/2.18.0/apps/Adafruit_MCP4725/esp32/build_contexts/build_ctx_606505461/build/objs/app_update'
/data/fwbuild-volumes/2.18.0/apps/Adafruit_MCP4725/esp32/build_contexts/build_ctx_606505461/deps/modules/mongoose-os/platforms/esp32/Makefile.build:220: warning: overriding recipe for target 'clean'
/opt/Espressif/esp-idf/components/app_update/Makefile.projbuild:48: warning: ignoring old recipe for target 'clean'
make[1]: Entering directory '/data/fwbuild-volumes/2.18.0/apps/Adafruit_MCP4725/esp32/build_contexts/build_ctx_606505461/build/objs/moslib'
  GEN   /data/fwbuild-volumes/2.18.0/apps/Adafruit_MCP4725/esp32/build_contexts/build_ctx_606505461/build/gen/mgos_config.c
  GEN   /data/fwbuild-volumes/2.18.0/apps/Adafruit_MCP4725/esp32/build_contexts/build_ctx_606505461/build/gen/mgos_ro_vars.c
CC mgos_MCP4725_c.o
CXX MCP4725.o
CXX mgos_MCP4725.o
AR /data/fwbuild-volumes/2.18.0/apps/Adafruit_MCP4725/esp32/build_contexts/build_ctx_606505461/build/objs/moslib/libmoslib.a
make[1]: Leaving directory '/data/fwbuild-volumes/2.18.0/apps/Adafruit_MCP4725/esp32/build_contexts/build_ctx_606505461/build/objs/moslib'
make: Leaving directory '/app'
Lib saved to build/lib.a
